<?xml version="1.0" encoding="UTF-8"?>
<!-- Generated by org.testng.reporters.JUnitXMLReporter -->
<testsuite ignored="0" hostname="ENX4C6GJGW2K" failures="1" tests="3" name="Surefire test" time="249.84" errors="0" timestamp="2025-04-12T20:07:23 CEST">
  <testcase classname="tests.IdentitiesTest" name="testIdentities" time="134.898">
    <failure type="java.lang.AssertionError" message="No identities found in the list">
      <![CDATA[java.lang.AssertionError: No identities found in the list
at tests.IdentitiesTest.testIdentities(IdentitiesTest.java:63)
at java.base/java.util.ArrayList.forEach(ArrayList.java:1541)
... Removed 32 stack frames]]>
    </failure>
  </testcase> <!-- testIdentities -->
  <testcase classname="tests.SessionsTest" name="testSessions" time="45.78"/>
  <testcase classname="tests.FlowsTest" name="testFlows" time="69.135"/>
</testsuite> <!-- Surefire test -->
