<?xml version="1.0" encoding="UTF-8"?>
<testsuite xmlns:xsi="http://www.w3.org/2001/XMLSchema-instance" xsi:noNamespaceSchemaLocation="https://maven.apache.org/surefire/maven-surefire-plugin/xsd/surefire-test-report.xsd" name="TestSuite" time="250.068" tests="3" errors="0" skipped="0" failures="1">
  <properties>
[...]
</properties>
  <testcase name="testIdentities" classname="tests.IdentitiesTest" time="134.906">
    <failure message="No identities found in the list" type="java.lang.AssertionError">java.lang.AssertionError: No identities found in the list
	at tests.IdentitiesTest.testIdentities(IdentitiesTest.java:63)
</failure>
    <system-out><![CDATA[20:03:14.030 [main] DEBUG utils.LoggerUtils - [TEST] testAddFaceToIdentities()
20:03:14.033 [main] DEBUG utils.LoggerUtils - setUpChromeDriver()
20:03:23.449 [main] DEBUG utils.LoggerUtils - [TEST] Login to Incode Dashboard
20:03:23.464 [main] DEBUG utils.LoggerUtils - open()
20:03:30.420 [main] DEBUG utils.LoggerUtils - isLoginPageLoaded()
20:03:37.785 [main] DEBUG utils.LoggerUtils - waitUntilPageIsLoaded()
20:03:41.544 [main] DEBUG utils.LoggerUtils - [TEST] Navigate to tests.Sessions page and click on session with name Vanja Kosanovic
20:03:41.544 [main] DEBUG utils.LoggerUtils - clickOnSessions()
20:03:44.452 [main] DEBUG utils.LoggerUtils - [TEST] Click on the session name and navigate to Session Info page
20:03:44.453 [main] DEBUG utils.LoggerUtils - clickOnSession(Vanja Kosanovic)
20:03:47.653 [main] DEBUG utils.LoggerUtils - verifyPageIsLoaded()
20:04:00.858 [main] DEBUG utils.LoggerUtils - [TEST] Click on button 'Add Face' and verify that identity is added to 'tests.Identities' page
20:04:00.859 [main] DEBUG utils.LoggerUtils - clickAddFaceToDatabaseButton()
20:04:02.226 [main] DEBUG utils.LoggerUtils - clickOnIdentities()
20:04:03.351 [main] DEBUG utils.LoggerUtils - waitForToastMessageToBeInvisable()
20:04:04.105 [main] DEBUG utils.LoggerUtils - [TEST] Verify that identity is added to 'Identities' page
20:04:04.105 [main] DEBUG utils.LoggerUtils - verifyIdentityPageIsLoaded()
20:04:05.017 [main] DEBUG utils.LoggerUtils - getResultCount()
20:04:15.073 [main] DEBUG utils.LoggerUtils - quitDriver()
20:04:15.290 [main] DEBUG utils.LoggerUtils - setUpChromeDriver()
20:04:20.931 [main] DEBUG utils.LoggerUtils - [TEST] Login to Incode Dashboard and navigate to Identities page
20:04:20.931 [main] DEBUG utils.LoggerUtils - open()
20:04:26.350 [main] DEBUG utils.LoggerUtils - isLoginPageLoaded()
20:04:33.004 [main] DEBUG utils.LoggerUtils - waitUntilPageIsLoaded()
20:04:36.903 [main] DEBUG utils.LoggerUtils - clickOnIdentities()
20:04:38.261 [main] DEBUG utils.LoggerUtils - verifyIdentityPageIsLoaded()
20:04:38.827 [main] DEBUG utils.LoggerUtils - [TEST] Click on the identity name and verify that identity page is opened. Delete identity PII. Verify that identity is deleted from the list
20:04:38.827 [main] DEBUG utils.LoggerUtils - getResultCount()
20:04:38.850 [main] DEBUG utils.LoggerUtils - clickOnIdentityByIndex(0)
20:04:39.854 [main] DEBUG utils.LoggerUtils - verifyIdentityCardPageIsLoaded()
20:04:42.388 [main] DEBUG utils.LoggerUtils - deleteIdentity()
20:04:42.388 [main] DEBUG utils.LoggerUtils - clickMenuButton()
20:04:43.064 [main] DEBUG utils.LoggerUtils - clickDeleteIdentityPIIDataButton()
20:04:44.166 [main] DEBUG utils.LoggerUtils - confirmDeleteIdentityPIIData()
20:04:44.166 [main] DEBUG utils.LoggerUtils - isDeleteIdentityPopUpPresent()
20:04:44.876 [main] DEBUG utils.LoggerUtils - getToastMessage()
20:04:48.503 [main] DEBUG utils.LoggerUtils - waitForToastMessageToBeInvisable()
20:05:26.746 [main] DEBUG utils.LoggerUtils - verifyIdentityPageIsLoaded()
20:05:27.339 [main] DEBUG utils.LoggerUtils - [TEST] Sign out and quit the driver
20:05:27.339 [main] DEBUG utils.LoggerUtils - logOut()
20:05:27.339 [main] DEBUG utils.LoggerUtils - clickSupportNavButton()
20:05:28.150 [main] DEBUG utils.LoggerUtils - clickLogoutButton()
20:05:28.733 [main] DEBUG utils.LoggerUtils - quitDriver()
]]></system-out>
    <system-err><![CDATA[Apr 12, 2025 8:03:23 PM org.openqa.selenium.devtools.CdpVersionFinder findNearestMatch
WARNING: Unable to find an exact match for CDP version 135, returning the closest version; found: 134; Please update to a Selenium version that supports CDP version 135
Apr 12, 2025 8:04:20 PM org.openqa.selenium.devtools.CdpVersionFinder findNearestMatch
WARNING: Unable to find an exact match for CDP version 135, returning the closest version; found: 134; Please update to a Selenium version that supports CDP version 135
]]></system-err>
  </testcase>
  <testcase name="testSessions" classname="tests.SessionsTest" time="45.78"/>
  <testcase name="testFlows" classname="tests.FlowsTest" time="69.135"/>
</testsuite>