-------------------------------------------------------------------------------
Test set: TestSuite
-------------------------------------------------------------------------------
Tests run: 3, Failures: 1, Errors: 0, Skipped: 0, Time elapsed: 250.068 s <<< FAILURE! - in TestSuite
testIdentities(tests.IdentitiesTest)  Time elapsed: 134.906 s  <<< FAILURE!
java.lang.AssertionError: No identities found in the list
	at tests.IdentitiesTest.testIdentities(IdentitiesTest.java:63)

